# JRE version: OpenJDK Runtime Environment (8.0_151-b12) (build 1.8.0_151-8u151-b12-0ubuntu0.16.04.2-b12)
# Java VM: OpenJDK 64-Bit Server VM (25.151-b12 mixed mode linux-amd64 compressed oops)
Heap:
 PSYoungGen      total 199680K, used 99464K [0x00000000f0000000, 0x0000000100000000, 0x0000000100000000)
  eden space 163840K, 38% used [0x00000000f0000000,0x00000000f3e458e0,0x00000000fa000000)
  from space 35840K, 99% used [0x00000000fa200000,0x00000000fc4dc778,0x00000000fc500000)
  to   space 50176K, 0% used [0x00000000fcf00000,0x00000000fcf00000,0x0000000100000000)
 ParOldGen       total 524288K, used 87169K [0x00000000d0000000, 0x00000000f0000000, 0x00000000f0000000)
  object space 524288K, 16% used [0x00000000d0000000,0x00000000d5520540,0x00000000f0000000)
 Metaspace       used 77074K, capacity 80610K, committed 80792K, reserved 1120256K
  class space    used 8794K, capacity 9834K, committed 9904K, reserved 1048576K
GC Heap History (10 events):
Event: 49.223 GC heap before
{Heap before GC invocations=28 (full 3):
 PSYoungGen      total 216064K, used 216057K [0x00000000f0000000, 0x0000000100000000, 0x0000000100000000)
  eden space 185344K, 100% used [0x00000000f0000000,0x00000000fb500000,0x00000000fb500000)
  from space 30720K, 99% used [0x00000000fe200000,0x00000000ffffe578,0x0000000100000000)
  to   space 38400K, 0% used [0x00000000fb500000,0x00000000fb500000,0x00000000fda80000)
 ParOldGen       total 524288K, used 78968K [0x00000000d0000000, 0x00000000f0000000, 0x00000000f0000000)
  object space 524288K, 15% used [0x00000000d0000000,0x00000000d4d1e148,0x00000000f0000000)
 Metaspace       used 72455K, capacity 74668K, committed 74904K, reserved 1116160K
  class space    used 8249K, capacity 8879K, committed 8880K, reserved 1048576K
Event: 49.249 GC heap after
Heap after GC invocations=28 (full 3):
 PSYoungGen      total 211968K, used 26173K [0x00000000f0000000, 0x0000000100000000, 0x0000000100000000)
  eden space 185344K, 0% used [0x00000000f0000000,0x00000000f0000000,0x00000000fb500000)
  from space 26624K, 98% used [0x00000000fb500000,0x00000000fce8f780,0x00000000fcf00000)
  to   space 39424K, 0% used [0x00000000fd980000,0x00000000fd980000,0x0000000100000000)
 ParOldGen       total 524288K, used 87145K [0x00000000d0000000, 0x00000000f0000000, 0x00000000f0000000)
  object space 524288K, 16% used [0x00000000d0000000,0x00000000d551a540,0x00000000f0000000)
 Metaspace       used 72455K, capacity 74668K, committed 74904K, reserved 1116160K
  class space    used 8249K, capacity 8879K, committed 8880K, reserved 1048576K
}
Event: 66.322 GC heap before
{Heap before GC invocations=29 (full 3):
 PSYoungGen      total 211968K, used 211517K [0x00000000f0000000, 0x0000000100000000, 0x0000000100000000)
  eden space 185344K, 100% used [0x00000000f0000000,0x00000000fb500000,0x00000000fb500000)
  from space 26624K, 98% used [0x00000000fb500000,0x00000000fce8f780,0x00000000fcf00000)
  to   space 39424K, 0% used [0x00000000fd980000,0x00000000fd980000,0x0000000100000000)
 ParOldGen       total 524288K, used 87145K [0x00000000d0000000, 0x00000000f0000000, 0x00000000f0000000)
  object space 524288K, 16% used [0x00000000d0000000,0x00000000d551a540,0x00000000f0000000)
 Metaspace       used 73177K, capacity 75782K, committed 75928K, reserved 1116160K
  class space    used 8332K, capacity 9045K, committed 9136K, reserved 1048576K
Event: 66.347 GC heap after
Heap after GC invocations=29 (full 3):
 PSYoungGen      total 218624K, used 28593K [0x00000000f0000000, 0x0000000100000000, 0x0000000100000000)
  eden space 179200K, 0% used [0x00000000f0000000,0x00000000f0000000,0x00000000faf00000)
  from space 39424K, 72% used [0x00000000fd980000,0x00000000ff56c4d0,0x0000000100000000)
  to   space 41472K, 0% used [0x00000000faf00000,0x00000000faf00000,0x00000000fd780000)
 ParOldGen       total 524288K, used 87153K [0x00000000d0000000, 0x00000000f0000000, 0x00000000f0000000)
  object space 524288K, 16% used [0x00000000d0000000,0x00000000d551c540,0x00000000f0000000)
 Metaspace       used 73177K, capacity 75782K, committed 75928K, reserved 1116160K
  class space    used 8332K, capacity 9045K, committed 9136K, reserved 1048576K
}
Event: 1059.485 GC heap before
{Heap before GC invocations=30 (full 3):
 PSYoungGen      total 218624K, used 207793K [0x00000000f0000000, 0x0000000100000000, 0x0000000100000000)
  eden space 179200K, 100% used [0x00000000f0000000,0x00000000faf00000,0x00000000faf00000)
  from space 39424K, 72% used [0x00000000fd980000,0x00000000ff56c4d0,0x0000000100000000)
  to   space 41472K, 0% used [0x00000000faf00000,0x00000000faf00000,0x00000000fd780000)
 ParOldGen       total 524288K, used 87153K [0x00000000d0000000, 0x00000000f0000000, 0x00000000f0000000)
  object space 524288K, 16% used [0x00000000d0000000,0x00000000d551c540,0x00000000f0000000)
 Metaspace       used 74556K, capacity 77484K, committed 77720K, reserved 1118208K
  class space    used 8536K, capacity 9387K, committed 9392K, reserved 1048576K
Event: 1059.542 GC heap after
Heap after GC invocations=30 (full 3):
 PSYoungGen      total 217600K, used 38227K [0x00000000f0000000, 0x0000000100000000, 0x0000000100000000)
  eden space 179200K, 0% used [0x00000000f0000000,0x00000000f0000000,0x00000000faf00000)
  from space 38400K, 99% used [0x00000000faf00000,0x00000000fd454e18,0x00000000fd480000)
  to   space 44544K, 0% used [0x00000000fd480000,0x00000000fd480000,0x0000000100000000)
 ParOldGen       total 524288K, used 87161K [0x00000000d0000000, 0x00000000f0000000, 0x00000000f0000000)
  object space 524288K, 16% used [0x00000000d0000000,0x00000000d551e540,0x00000000f0000000)
 Metaspace       used 74556K, capacity 77484K, committed 77720K, reserved 1118208K
  class space    used 8536K, capacity 9387K, committed 9392K, reserved 1048576K
}
Event: 2497.374 GC heap before
{Heap before GC invocations=31 (full 3):
 PSYoungGen      total 217600K, used 217427K [0x00000000f0000000, 0x0000000100000000, 0x0000000100000000)
  eden space 179200K, 100% used [0x00000000f0000000,0x00000000faf00000,0x00000000faf00000)
  from space 38400K, 99% used [0x00000000faf00000,0x00000000fd454e18,0x00000000fd480000)
  to   space 44544K, 0% used [0x00000000fd480000,0x00000000fd480000,0x0000000100000000)
 ParOldGen       total 524288K, used 87161K [0x00000000d0000000, 0x00000000f0000000, 0x00000000f0000000)
  object space 524288K, 16% used [0x00000000d0000000,0x00000000d551e540,0x00000000f0000000)
 Metaspace       used 76300K, capacity 79418K, committed 79768K, reserved 1120256K
  class space    used 8652K, capacity 9544K, committed 9648K, reserved 1048576K
Event: 2497.400 GC heap after
Heap after GC invocations=31 (full 3):
 PSYoungGen      total 210432K, used 33207K [0x00000000f0000000, 0x0000000100000000, 0x0000000100000000)
  eden space 165888K, 0% used [0x00000000f0000000,0x00000000f0000000,0x00000000fa200000)
  from space 44544K, 74% used [0x00000000fd480000,0x00000000ff4edf78,0x0000000100000000)
  to   space 48128K, 0% used [0x00000000fa200000,0x00000000fa200000,0x00000000fd100000)
 ParOldGen       total 524288K, used 87169K [0x00000000d0000000, 0x00000000f0000000, 0x00000000f0000000)
  object space 524288K, 16% used [0x00000000d0000000,0x00000000d5520540,0x00000000f0000000)
 Metaspace       used 76300K, capacity 79418K, committed 79768K, reserved 1120256K
  class space    used 8652K, capacity 9544K, committed 9648K, reserved 1048576K
}
Event: 5860.643 GC heap before
{Heap before GC invocations=32 (full 3):
 PSYoungGen      total 210432K, used 199095K [0x00000000f0000000, 0x0000000100000000, 0x0000000100000000)
  eden space 165888K, 100% used [0x00000000f0000000,0x00000000fa200000,0x00000000fa200000)
  from space 44544K, 74% used [0x00000000fd480000,0x00000000ff4edf78,0x0000000100000000)
  to   space 48128K, 0% used [0x00000000fa200000,0x00000000fa200000,0x00000000fd100000)
 ParOldGen       total 524288K, used 87169K [0x00000000d0000000, 0x00000000f0000000, 0x00000000f0000000)
  object space 524288K, 16% used [0x00000000d0000000,0x00000000d5520540,0x00000000f0000000)
 Metaspace       used 76826K, capacity 80100K, committed 80152K, reserved 1120256K
  class space    used 8755K, capacity 9736K, committed 9776K, reserved 1048576K
Event: 5860.695 GC heap after
Heap after GC invocations=32 (full 3):
 PSYoungGen      total 199680K, used 35697K [0x00000000f0000000, 0x0000000100000000, 0x0000000100000000)
  eden space 163840K, 0% used [0x00000000f0000000,0x00000000f0000000,0x00000000fa000000)
  from space 35840K, 99% used [0x00000000fa200000,0x00000000fc4dc778,0x00000000fc500000)
  to   space 50176K, 0% used [0x00000000fcf00000,0x00000000fcf00000,0x0000000100000000)
 ParOldGen       total 524288K, used 87169K [0x00000000d0000000, 0x00000000f0000000, 0x00000000f0000000)
  object space 524288K, 16% used [0x00000000d0000000,0x00000000d5520540,0x00000000f0000000)
 Metaspace       used 76826K, capacity 80100K, committed 80152K, reserved 1120256K
  class space    used 8755K, capacity 9736K, committed 9776K, reserved 1048576K
}

